[ 2018-04-14T16:35:34+08:00 ] 127.0.0.1 /
INFO: [ app_init ] --START--
INFO: Run Behavior\BuildLiteBehavior [ RunTime:0.000078s ]
INFO: [ app_init ] --END-- [ RunTime:0.000871s ]
INFO: [ app_begin ] --START--
INFO: Run Behavior\ReadHtmlCacheBehavior [ RunTime:0.001260s ]
INFO: [ app_begin ] --END-- [ RunTime:0.001331s ]
NOTIC: [8] A session had already been started - ignoring session_start() E:\xampp\htdocs\youxin\ThinkPHP\Common\functions.php 第 1263 行.
SQL: SHOW COLUMNS FROM `classify` [ RunTime:0.0052s ]
SQL: SELECT * FROM `classify`  [ RunTime:0.0006s ]
SQL: SHOW COLUMNS FROM `car_type` [ RunTime:0.0039s ]
SQL: SELECT * FROM `car_type`  [ RunTime:0.0005s ]
SQL: SHOW COLUMNS FROM `car` [ RunTime:0.0298s ]
SQL: SELECT * FROM `car`  [ RunTime:0.0007s ]
INFO: [ view_parse ] --START--
INFO: [ template_filter ] --START--
INFO: Run Behavior\ContentReplaceBehavior [ RunTime:0.014897s ]
INFO: [ template_filter ] --END-- [ RunTime:0.015029s ]
INFO: Run Behavior\ParseTemplateBehavior [ RunTime:0.029093s ]
INFO: [ view_parse ] --END-- [ RunTime:0.029194s ]
INFO: [ view_filter ] --START--
INFO: Run Behavior\WriteHtmlCacheBehavior [ RunTime:0.000998s ]
INFO: [ view_filter ] --END-- [ RunTime:0.001077s ]
INFO: [ app_end ] --START--
INFO: Run Behavior\ShowPageTraceBehavior [ RunTime:0.001458s ]
INFO: [ app_end ] --END-- [ RunTime:0.001559s ]

