[ 2018-03-17T09:21:15+08:00 ] 127.0.0.1 /
INFO: [ app_init ] --START--
INFO: Run Behavior\BuildLiteBehavior [ RunTime:0.000025s ]
INFO: [ app_init ] --END-- [ RunTime:0.039671s ]
INFO: [ app_begin ] --START--
INFO: Run Behavior\ReadHtmlCacheBehavior [ RunTime:0.003505s ]
INFO: [ app_begin ] --END-- [ RunTime:0.003613s ]
NOTIC: [8] A session had already been started - ignoring session_start() E:\xampp\htdocs\youxin\ThinkPHP\Common\functions.php 第 1263 行.
SQL: SHOW COLUMNS FROM `classify` [ RunTime:0.0898s ]
SQL: SELECT * FROM `classify`  [ RunTime:0.0007s ]
SQL: SHOW COLUMNS FROM `car_type` [ RunTime:0.0329s ]
SQL: SELECT * FROM `car_type`  [ RunTime:0.0006s ]
INFO: [ view_parse ] --START--
INFO: [ template_filter ] --START--
INFO: Run Behavior\ContentReplaceBehavior [ RunTime:0.000128s ]
INFO: [ template_filter ] --END-- [ RunTime:0.000229s ]
INFO: Run Behavior\ParseTemplateBehavior [ RunTime:0.039583s ]
INFO: [ view_parse ] --END-- [ RunTime:0.039740s ]
INFO: [ view_filter ] --START--
INFO: Run Behavior\WriteHtmlCacheBehavior [ RunTime:0.010212s ]
INFO: [ view_filter ] --END-- [ RunTime:0.010302s ]
INFO: [ app_end ] --START--
INFO: Run Behavior\ShowPageTraceBehavior [ RunTime:0.018393s ]
INFO: [ app_end ] --END-- [ RunTime:0.018497s ]

[ 2018-03-17T09:58:04+08:00 ] 127.0.0.1 /
INFO: [ app_init ] --START--
INFO: Run Behavior\BuildLiteBehavior [ RunTime:0.000018s ]
INFO: [ app_init ] --END-- [ RunTime:0.000772s ]
INFO: [ app_begin ] --START--
INFO: Run Behavior\ReadHtmlCacheBehavior [ RunTime:0.002010s ]
INFO: [ app_begin ] --END-- [ RunTime:0.002143s ]
NOTIC: [8] A session had already been started - ignoring session_start() E:\xampp\htdocs\youxin\ThinkPHP\Common\functions.php 第 1263 行.
SQL: SHOW COLUMNS FROM `classify` [ RunTime:0.0057s ]
SQL: SELECT * FROM `classify`  [ RunTime:0.0005s ]
SQL: SHOW COLUMNS FROM `car_type` [ RunTime:0.0047s ]
SQL: SELECT * FROM `car_type`  [ RunTime:0.0004s ]
SQL: SHOW COLUMNS FROM `car` [ RunTime:0.0057s ]
SQL: SELECT * FROM `car`  [ RunTime:0.0006s ]
INFO: [ view_parse ] --START--
INFO: [ template_filter ] --START--
INFO: Run Behavior\ContentReplaceBehavior [ RunTime:0.000103s ]
INFO: [ template_filter ] --END-- [ RunTime:0.000163s ]
NOTIC: [8] Undefined variable: car_centry_data E:\xampp\htdocs\youxin\Application\Runtime\Cache\Home\2a94b8bda04ff446dcedd42276fc99ee.php 第 101 行.
NOTIC: [2] Invalid argument supplied for foreach() E:\xampp\htdocs\youxin\Application\Runtime\Cache\Home\2a94b8bda04ff446dcedd42276fc99ee.php 第 101 行.
NOTIC: [8] Undefined variable: car_centry_data E:\xampp\htdocs\youxin\Application\Runtime\Cache\Home\2a94b8bda04ff446dcedd42276fc99ee.php 第 101 行.
NOTIC: [2] Invalid argument supplied for foreach() E:\xampp\htdocs\youxin\Application\Runtime\Cache\Home\2a94b8bda04ff446dcedd42276fc99ee.php 第 101 行.
NOTIC: [8] Undefined variable: car_centry_data E:\xampp\htdocs\youxin\Application\Runtime\Cache\Home\2a94b8bda04ff446dcedd42276fc99ee.php 第 101 行.
NOTIC: [2] Invalid argument supplied for foreach() E:\xampp\htdocs\youxin\Application\Runtime\Cache\Home\2a94b8bda04ff446dcedd42276fc99ee.php 第 101 行.
NOTIC: [8] Undefined variable: car_centry_data E:\xampp\htdocs\youxin\Application\Runtime\Cache\Home\2a94b8bda04ff446dcedd42276fc99ee.php 第 101 行.
NOTIC: [2] Invalid argument supplied for foreach() E:\xampp\htdocs\youxin\Application\Runtime\Cache\Home\2a94b8bda04ff446dcedd42276fc99ee.php 第 101 行.
NOTIC: [8] Undefined variable: car_centry_data E:\xampp\htdocs\youxin\Application\Runtime\Cache\Home\2a94b8bda04ff446dcedd42276fc99ee.php 第 101 行.
NOTIC: [2] Invalid argument supplied for foreach() E:\xampp\htdocs\youxin\Application\Runtime\Cache\Home\2a94b8bda04ff446dcedd42276fc99ee.php 第 101 行.
INFO: Run Behavior\ParseTemplateBehavior [ RunTime:0.010487s ]
INFO: [ view_parse ] --END-- [ RunTime:0.010548s ]
INFO: [ view_filter ] --START--
INFO: Run Behavior\WriteHtmlCacheBehavior [ RunTime:0.000715s ]
INFO: [ view_filter ] --END-- [ RunTime:0.000759s ]
INFO: [ app_end ] --START--
INFO: Run Behavior\ShowPageTraceBehavior [ RunTime:0.001077s ]
INFO: [ app_end ] --END-- [ RunTime:0.001130s ]

[ 2018-03-17T09:58:32+08:00 ] 127.0.0.1 /
INFO: [ app_init ] --START--
INFO: Run Behavior\BuildLiteBehavior [ RunTime:0.000015s ]
INFO: [ app_init ] --END-- [ RunTime:0.000682s ]
INFO: [ app_begin ] --START--
INFO: Run Behavior\ReadHtmlCacheBehavior [ RunTime:0.000854s ]
INFO: [ app_begin ] --END-- [ RunTime:0.000914s ]
NOTIC: [8] A session had already been started - ignoring session_start() E:\xampp\htdocs\youxin\ThinkPHP\Common\functions.php 第 1263 行.
SQL: SHOW COLUMNS FROM `classify` [ RunTime:0.0046s ]
SQL: SELECT * FROM `classify`  [ RunTime:0.0005s ]
SQL: SHOW COLUMNS FROM `car_type` [ RunTime:0.0050s ]
SQL: SELECT * FROM `car_type`  [ RunTime:0.0006s ]
SQL: SHOW COLUMNS FROM `car` [ RunTime:0.0052s ]
SQL: SELECT * FROM `car`  [ RunTime:0.0005s ]
INFO: [ view_parse ] --START--
INFO: [ template_filter ] --START--
INFO: Run Behavior\ContentReplaceBehavior [ RunTime:0.000096s ]
INFO: [ template_filter ] --END-- [ RunTime:0.000176s ]
NOTIC: [8] Undefined variable: car_centry_data E:\xampp\htdocs\youxin\Application\Runtime\Cache\Home\2a94b8bda04ff446dcedd42276fc99ee.php 第 103 行.
NOTIC: [2] Invalid argument supplied for foreach() E:\xampp\htdocs\youxin\Application\Runtime\Cache\Home\2a94b8bda04ff446dcedd42276fc99ee.php 第 103 行.
NOTIC: [8] Undefined variable: car_centry_data E:\xampp\htdocs\youxin\Application\Runtime\Cache\Home\2a94b8bda04ff446dcedd42276fc99ee.php 第 103 行.
NOTIC: [2] Invalid argument supplied for foreach() E:\xampp\htdocs\youxin\Application\Runtime\Cache\Home\2a94b8bda04ff446dcedd42276fc99ee.php 第 103 行.
NOTIC: [8] Undefined variable: car_centry_data E:\xampp\htdocs\youxin\Application\Runtime\Cache\Home\2a94b8bda04ff446dcedd42276fc99ee.php 第 103 行.
NOTIC: [2] Invalid argument supplied for foreach() E:\xampp\htdocs\youxin\Application\Runtime\Cache\Home\2a94b8bda04ff446dcedd42276fc99ee.php 第 103 行.
NOTIC: [8] Undefined variable: car_centry_data E:\xampp\htdocs\youxin\Application\Runtime\Cache\Home\2a94b8bda04ff446dcedd42276fc99ee.php 第 103 行.
NOTIC: [2] Invalid argument supplied for foreach() E:\xampp\htdocs\youxin\Application\Runtime\Cache\Home\2a94b8bda04ff446dcedd42276fc99ee.php 第 103 行.
NOTIC: [8] Undefined variable: car_centry_data E:\xampp\htdocs\youxin\Application\Runtime\Cache\Home\2a94b8bda04ff446dcedd42276fc99ee.php 第 103 行.
NOTIC: [2] Invalid argument supplied for foreach() E:\xampp\htdocs\youxin\Application\Runtime\Cache\Home\2a94b8bda04ff446dcedd42276fc99ee.php 第 103 行.
INFO: Run Behavior\ParseTemplateBehavior [ RunTime:0.009209s ]
INFO: [ view_parse ] --END-- [ RunTime:0.009288s ]
INFO: [ view_filter ] --START--
INFO: Run Behavior\WriteHtmlCacheBehavior [ RunTime:0.000935s ]
INFO: [ view_filter ] --END-- [ RunTime:0.001005s ]
INFO: [ app_end ] --START--
INFO: Run Behavior\ShowPageTraceBehavior [ RunTime:0.001349s ]
INFO: [ app_end ] --END-- [ RunTime:0.001464s ]

[ 2018-03-17T09:58:34+08:00 ] 127.0.0.1 /
INFO: [ app_init ] --START--
INFO: Run Behavior\BuildLiteBehavior [ RunTime:0.000015s ]
INFO: [ app_init ] --END-- [ RunTime:0.000672s ]
INFO: [ app_begin ] --START--
INFO: Run Behavior\ReadHtmlCacheBehavior [ RunTime:0.000872s ]
INFO: [ app_begin ] --END-- [ RunTime:0.000937s ]
NOTIC: [8] A session had already been started - ignoring session_start() E:\xampp\htdocs\youxin\ThinkPHP\Common\functions.php 第 1263 行.
SQL: SHOW COLUMNS FROM `classify` [ RunTime:0.0060s ]
SQL: SELECT * FROM `classify`  [ RunTime:0.0005s ]
SQL: SHOW COLUMNS FROM `car_type` [ RunTime:0.0048s ]
SQL: SELECT * FROM `car_type`  [ RunTime:0.0004s ]
SQL: SHOW COLUMNS FROM `car` [ RunTime:0.0047s ]
SQL: SELECT * FROM `car`  [ RunTime:0.0004s ]
INFO: [ view_parse ] --START--
INFO: [ template_filter ] --START--
INFO: Run Behavior\ContentReplaceBehavior [ RunTime:0.000085s ]
INFO: [ template_filter ] --END-- [ RunTime:0.000192s ]
NOTIC: [8] Undefined variable: car_centry_data E:\xampp\htdocs\youxin\Application\Runtime\Cache\Home\2a94b8bda04ff446dcedd42276fc99ee.php 第 103 行.
NOTIC: [2] Invalid argument supplied for foreach() E:\xampp\htdocs\youxin\Application\Runtime\Cache\Home\2a94b8bda04ff446dcedd42276fc99ee.php 第 103 行.
NOTIC: [8] Undefined variable: car_centry_data E:\xampp\htdocs\youxin\Application\Runtime\Cache\Home\2a94b8bda04ff446dcedd42276fc99ee.php 第 103 行.
NOTIC: [2] Invalid argument supplied for foreach() E:\xampp\htdocs\youxin\Application\Runtime\Cache\Home\2a94b8bda04ff446dcedd42276fc99ee.php 第 103 行.
NOTIC: [8] Undefined variable: car_centry_data E:\xampp\htdocs\youxin\Application\Runtime\Cache\Home\2a94b8bda04ff446dcedd42276fc99ee.php 第 103 行.
NOTIC: [2] Invalid argument supplied for foreach() E:\xampp\htdocs\youxin\Application\Runtime\Cache\Home\2a94b8bda04ff446dcedd42276fc99ee.php 第 103 行.
NOTIC: [8] Undefined variable: car_centry_data E:\xampp\htdocs\youxin\Application\Runtime\Cache\Home\2a94b8bda04ff446dcedd42276fc99ee.php 第 103 行.
NOTIC: [2] Invalid argument supplied for foreach() E:\xampp\htdocs\youxin\Application\Runtime\Cache\Home\2a94b8bda04ff446dcedd42276fc99ee.php 第 103 行.
NOTIC: [8] Undefined variable: car_centry_data E:\xampp\htdocs\youxin\Application\Runtime\Cache\Home\2a94b8bda04ff446dcedd42276fc99ee.php 第 103 行.
NOTIC: [2] Invalid argument supplied for foreach() E:\xampp\htdocs\youxin\Application\Runtime\Cache\Home\2a94b8bda04ff446dcedd42276fc99ee.php 第 103 行.
INFO: Run Behavior\ParseTemplateBehavior [ RunTime:0.009847s ]
INFO: [ view_parse ] --END-- [ RunTime:0.009910s ]
INFO: [ view_filter ] --START--
INFO: Run Behavior\WriteHtmlCacheBehavior [ RunTime:0.000693s ]
INFO: [ view_filter ] --END-- [ RunTime:0.000740s ]
INFO: [ app_end ] --START--
INFO: Run Behavior\ShowPageTraceBehavior [ RunTime:0.000874s ]
INFO: [ app_end ] --END-- [ RunTime:0.000936s ]

[ 2018-03-17T09:58:35+08:00 ] 127.0.0.1 /
INFO: [ app_init ] --START--
INFO: Run Behavior\BuildLiteBehavior [ RunTime:0.000018s ]
INFO: [ app_init ] --END-- [ RunTime:0.000931s ]
INFO: [ app_begin ] --START--
INFO: Run Behavior\ReadHtmlCacheBehavior [ RunTime:0.000881s ]
INFO: [ app_begin ] --END-- [ RunTime:0.000950s ]
NOTIC: [8] A session had already been started - ignoring session_start() E:\xampp\htdocs\youxin\ThinkPHP\Common\functions.php 第 1263 行.
SQL: SHOW COLUMNS FROM `classify` [ RunTime:0.0050s ]
SQL: SELECT * FROM `classify`  [ RunTime:0.0005s ]
SQL: SHOW COLUMNS FROM `car_type` [ RunTime:0.0046s ]
SQL: SELECT * FROM `car_type`  [ RunTime:0.0004s ]
SQL: SHOW COLUMNS FROM `car` [ RunTime:0.0084s ]
SQL: SELECT * FROM `car`  [ RunTime:0.0006s ]
INFO: [ view_parse ] --START--
INFO: [ template_filter ] --START--
INFO: Run Behavior\ContentReplaceBehavior [ RunTime:0.000134s ]
INFO: [ template_filter ] --END-- [ RunTime:0.000274s ]
NOTIC: [8] Undefined variable: car_centry_data E:\xampp\htdocs\youxin\Application\Runtime\Cache\Home\2a94b8bda04ff446dcedd42276fc99ee.php 第 103 行.
NOTIC: [2] Invalid argument supplied for foreach() E:\xampp\htdocs\youxin\Application\Runtime\Cache\Home\2a94b8bda04ff446dcedd42276fc99ee.php 第 103 行.
NOTIC: [8] Undefined variable: car_centry_data E:\xampp\htdocs\youxin\Application\Runtime\Cache\Home\2a94b8bda04ff446dcedd42276fc99ee.php 第 103 行.
NOTIC: [2] Invalid argument supplied for foreach() E:\xampp\htdocs\youxin\Application\Runtime\Cache\Home\2a94b8bda04ff446dcedd42276fc99ee.php 第 103 行.
NOTIC: [8] Undefined variable: car_centry_data E:\xampp\htdocs\youxin\Application\Runtime\Cache\Home\2a94b8bda04ff446dcedd42276fc99ee.php 第 103 行.
NOTIC: [2] Invalid argument supplied for foreach() E:\xampp\htdocs\youxin\Application\Runtime\Cache\Home\2a94b8bda04ff446dcedd42276fc99ee.php 第 103 行.
NOTIC: [8] Undefined variable: car_centry_data E:\xampp\htdocs\youxin\Application\Runtime\Cache\Home\2a94b8bda04ff446dcedd42276fc99ee.php 第 103 行.
NOTIC: [2] Invalid argument supplied for foreach() E:\xampp\htdocs\youxin\Application\Runtime\Cache\Home\2a94b8bda04ff446dcedd42276fc99ee.php 第 103 行.
NOTIC: [8] Undefined variable: car_centry_data E:\xampp\htdocs\youxin\Application\Runtime\Cache\Home\2a94b8bda04ff446dcedd42276fc99ee.php 第 103 行.
NOTIC: [2] Invalid argument supplied for foreach() E:\xampp\htdocs\youxin\Application\Runtime\Cache\Home\2a94b8bda04ff446dcedd42276fc99ee.php 第 103 行.
INFO: Run Behavior\ParseTemplateBehavior [ RunTime:0.010586s ]
INFO: [ view_parse ] --END-- [ RunTime:0.010675s ]
INFO: [ view_filter ] --START--
INFO: Run Behavior\WriteHtmlCacheBehavior [ RunTime:0.001111s ]
INFO: [ view_filter ] --END-- [ RunTime:0.001221s ]
INFO: [ app_end ] --START--
INFO: Run Behavior\ShowPageTraceBehavior [ RunTime:0.001234s ]
INFO: [ app_end ] --END-- [ RunTime:0.001322s ]

[ 2018-03-17T09:58:43+08:00 ] 127.0.0.1 /
INFO: [ app_init ] --START--
INFO: Run Behavior\BuildLiteBehavior [ RunTime:0.000016s ]
INFO: [ app_init ] --END-- [ RunTime:0.000723s ]
INFO: [ app_begin ] --START--
INFO: Run Behavior\ReadHtmlCacheBehavior [ RunTime:0.000901s ]
INFO: [ app_begin ] --END-- [ RunTime:0.000961s ]
NOTIC: [8] A session had already been started - ignoring session_start() E:\xampp\htdocs\youxin\ThinkPHP\Common\functions.php 第 1263 行.
SQL: SHOW COLUMNS FROM `classify` [ RunTime:0.0046s ]
SQL: SELECT * FROM `classify`  [ RunTime:0.0004s ]
SQL: SHOW COLUMNS FROM `car_type` [ RunTime:0.0046s ]
SQL: SELECT * FROM `car_type`  [ RunTime:0.0004s ]
SQL: SHOW COLUMNS FROM `car` [ RunTime:0.0060s ]
SQL: SELECT * FROM `car`  [ RunTime:0.0005s ]
INFO: [ view_parse ] --START--
INFO: [ template_filter ] --START--
INFO: Run Behavior\ContentReplaceBehavior [ RunTime:0.000086s ]
INFO: [ template_filter ] --END-- [ RunTime:0.000163s ]
NOTIC: [8] Undefined variable: car_centry_data E:\xampp\htdocs\youxin\Application\Runtime\Cache\Home\2a94b8bda04ff446dcedd42276fc99ee.php 第 103 行.
NOTIC: [2] Invalid argument supplied for foreach() E:\xampp\htdocs\youxin\Application\Runtime\Cache\Home\2a94b8bda04ff446dcedd42276fc99ee.php 第 103 行.
NOTIC: [8] Undefined variable: car_centry_data E:\xampp\htdocs\youxin\Application\Runtime\Cache\Home\2a94b8bda04ff446dcedd42276fc99ee.php 第 103 行.
NOTIC: [2] Invalid argument supplied for foreach() E:\xampp\htdocs\youxin\Application\Runtime\Cache\Home\2a94b8bda04ff446dcedd42276fc99ee.php 第 103 行.
NOTIC: [8] Undefined variable: car_centry_data E:\xampp\htdocs\youxin\Application\Runtime\Cache\Home\2a94b8bda04ff446dcedd42276fc99ee.php 第 103 行.
NOTIC: [2] Invalid argument supplied for foreach() E:\xampp\htdocs\youxin\Application\Runtime\Cache\Home\2a94b8bda04ff446dcedd42276fc99ee.php 第 103 行.
NOTIC: [8] Undefined variable: car_centry_data E:\xampp\htdocs\youxin\Application\Runtime\Cache\Home\2a94b8bda04ff446dcedd42276fc99ee.php 第 103 行.
NOTIC: [2] Invalid argument supplied for foreach() E:\xampp\htdocs\youxin\Application\Runtime\Cache\Home\2a94b8bda04ff446dcedd42276fc99ee.php 第 103 行.
NOTIC: [8] Undefined variable: car_centry_data E:\xampp\htdocs\youxin\Application\Runtime\Cache\Home\2a94b8bda04ff446dcedd42276fc99ee.php 第 103 行.
NOTIC: [2] Invalid argument supplied for foreach() E:\xampp\htdocs\youxin\Application\Runtime\Cache\Home\2a94b8bda04ff446dcedd42276fc99ee.php 第 103 行.
INFO: Run Behavior\ParseTemplateBehavior [ RunTime:0.009928s ]
INFO: [ view_parse ] --END-- [ RunTime:0.009983s ]
INFO: [ view_filter ] --START--
INFO: Run Behavior\WriteHtmlCacheBehavior [ RunTime:0.000682s ]
INFO: [ view_filter ] --END-- [ RunTime:0.000729s ]
INFO: [ app_end ] --START--
INFO: Run Behavior\ShowPageTraceBehavior [ RunTime:0.000961s ]
INFO: [ app_end ] --END-- [ RunTime:0.001041s ]

[ 2018-03-17T09:58:43+08:00 ] 127.0.0.1 /
INFO: [ app_init ] --START--
INFO: Run Behavior\BuildLiteBehavior [ RunTime:0.000018s ]
INFO: [ app_init ] --END-- [ RunTime:0.000675s ]
INFO: [ app_begin ] --START--
INFO: Run Behavior\ReadHtmlCacheBehavior [ RunTime:0.000990s ]
INFO: [ app_begin ] --END-- [ RunTime:0.001069s ]
NOTIC: [8] A session had already been started - ignoring session_start() E:\xampp\htdocs\youxin\ThinkPHP\Common\functions.php 第 1263 行.
SQL: SHOW COLUMNS FROM `classify` [ RunTime:0.0053s ]
SQL: SELECT * FROM `classify`  [ RunTime:0.0005s ]
SQL: SHOW COLUMNS FROM `car_type` [ RunTime:0.0059s ]
SQL: SELECT * FROM `car_type`  [ RunTime:0.0004s ]
SQL: SHOW COLUMNS FROM `car` [ RunTime:0.0046s ]
SQL: SELECT * FROM `car`  [ RunTime:0.0004s ]
INFO: [ view_parse ] --START--
INFO: [ template_filter ] --START--
INFO: Run Behavior\ContentReplaceBehavior [ RunTime:0.000139s ]
INFO: [ template_filter ] --END-- [ RunTime:0.000264s ]
NOTIC: [8] Undefined variable: car_centry_data E:\xampp\htdocs\youxin\Application\Runtime\Cache\Home\2a94b8bda04ff446dcedd42276fc99ee.php 第 103 行.
NOTIC: [2] Invalid argument supplied for foreach() E:\xampp\htdocs\youxin\Application\Runtime\Cache\Home\2a94b8bda04ff446dcedd42276fc99ee.php 第 103 行.
NOTIC: [8] Undefined variable: car_centry_data E:\xampp\htdocs\youxin\Application\Runtime\Cache\Home\2a94b8bda04ff446dcedd42276fc99ee.php 第 103 行.
NOTIC: [2] Invalid argument supplied for foreach() E:\xampp\htdocs\youxin\Application\Runtime\Cache\Home\2a94b8bda04ff446dcedd42276fc99ee.php 第 103 行.
NOTIC: [8] Undefined variable: car_centry_data E:\xampp\htdocs\youxin\Application\Runtime\Cache\Home\2a94b8bda04ff446dcedd42276fc99ee.php 第 103 行.
NOTIC: [2] Invalid argument supplied for foreach() E:\xampp\htdocs\youxin\Application\Runtime\Cache\Home\2a94b8bda04ff446dcedd42276fc99ee.php 第 103 行.
NOTIC: [8] Undefined variable: car_centry_data E:\xampp\htdocs\youxin\Application\Runtime\Cache\Home\2a94b8bda04ff446dcedd42276fc99ee.php 第 103 行.
NOTIC: [2] Invalid argument supplied for foreach() E:\xampp\htdocs\youxin\Application\Runtime\Cache\Home\2a94b8bda04ff446dcedd42276fc99ee.php 第 103 行.
NOTIC: [8] Undefined variable: car_centry_data E:\xampp\htdocs\youxin\Application\Runtime\Cache\Home\2a94b8bda04ff446dcedd42276fc99ee.php 第 103 行.
NOTIC: [2] Invalid argument supplied for foreach() E:\xampp\htdocs\youxin\Application\Runtime\Cache\Home\2a94b8bda04ff446dcedd42276fc99ee.php 第 103 行.
INFO: Run Behavior\ParseTemplateBehavior [ RunTime:0.012499s ]
INFO: [ view_parse ] --END-- [ RunTime:0.012573s ]
INFO: [ view_filter ] --START--
INFO: Run Behavior\WriteHtmlCacheBehavior [ RunTime:0.000869s ]
INFO: [ view_filter ] --END-- [ RunTime:0.000947s ]
INFO: [ app_end ] --START--
INFO: Run Behavior\ShowPageTraceBehavior [ RunTime:0.001390s ]
INFO: [ app_end ] --END-- [ RunTime:0.001500s ]

[ 2018-03-17T10:01:13+08:00 ] 127.0.0.1 /
INFO: [ app_init ] --START--
INFO: Run Behavior\BuildLiteBehavior [ RunTime:0.000016s ]
INFO: [ app_init ] --END-- [ RunTime:0.000753s ]
INFO: [ app_begin ] --START--
INFO: Run Behavior\ReadHtmlCacheBehavior [ RunTime:0.001143s ]
INFO: [ app_begin ] --END-- [ RunTime:0.001224s ]
NOTIC: [8] A session had already been started - ignoring session_start() E:\xampp\htdocs\youxin\ThinkPHP\Common\functions.php 第 1263 行.
SQL: SHOW COLUMNS FROM `classify` [ RunTime:0.0053s ]
SQL: SELECT * FROM `classify`  [ RunTime:0.0005s ]
SQL: SHOW COLUMNS FROM `car_type` [ RunTime:0.0051s ]
SQL: SELECT * FROM `car_type`  [ RunTime:0.0004s ]
SQL: SHOW COLUMNS FROM `car` [ RunTime:0.0047s ]
SQL: SELECT * FROM `car`  [ RunTime:0.0005s ]

[ 2018-03-17T10:02:00+08:00 ] 127.0.0.1 /
INFO: [ app_init ] --START--
INFO: Run Behavior\BuildLiteBehavior [ RunTime:0.000036s ]
INFO: [ app_init ] --END-- [ RunTime:0.000691s ]
INFO: [ app_begin ] --START--
INFO: Run Behavior\ReadHtmlCacheBehavior [ RunTime:0.000930s ]
INFO: [ app_begin ] --END-- [ RunTime:0.001015s ]
NOTIC: [8] A session had already been started - ignoring session_start() E:\xampp\htdocs\youxin\ThinkPHP\Common\functions.php 第 1263 行.
SQL: SHOW COLUMNS FROM `classify` [ RunTime:0.0047s ]
SQL: SELECT * FROM `classify`  [ RunTime:0.0005s ]
SQL: SHOW COLUMNS FROM `car_type` [ RunTime:0.0060s ]
SQL: SELECT * FROM `car_type`  [ RunTime:0.0004s ]

[ 2018-03-17T10:02:33+08:00 ] 127.0.0.1 /
INFO: [ app_init ] --START--
INFO: Run Behavior\BuildLiteBehavior [ RunTime:0.000017s ]
INFO: [ app_init ] --END-- [ RunTime:0.000687s ]
INFO: [ app_begin ] --START--
INFO: Run Behavior\ReadHtmlCacheBehavior [ RunTime:0.001320s ]
INFO: [ app_begin ] --END-- [ RunTime:0.001465s ]
NOTIC: [8] A session had already been started - ignoring session_start() E:\xampp\htdocs\youxin\ThinkPHP\Common\functions.php 第 1263 行.
SQL: SHOW COLUMNS FROM `classify` [ RunTime:0.0064s ]
SQL: SELECT * FROM `classify`  [ RunTime:0.0005s ]
SQL: SHOW COLUMNS FROM `car_type` [ RunTime:0.0045s ]
SQL: SELECT * FROM `car_type`  [ RunTime:0.0004s ]
SQL: SHOW COLUMNS FROM `car` [ RunTime:0.0057s ]
SQL: SELECT * FROM `car`  [ RunTime:0.0006s ]

[ 2018-03-17T10:03:03+08:00 ] 127.0.0.1 /
INFO: [ app_init ] --START--
INFO: Run Behavior\BuildLiteBehavior [ RunTime:0.000018s ]
INFO: [ app_init ] --END-- [ RunTime:0.000773s ]
INFO: [ app_begin ] --START--
INFO: Run Behavior\ReadHtmlCacheBehavior [ RunTime:0.000894s ]
INFO: [ app_begin ] --END-- [ RunTime:0.000979s ]
NOTIC: [8] A session had already been started - ignoring session_start() E:\xampp\htdocs\youxin\ThinkPHP\Common\functions.php 第 1263 行.
SQL: SHOW COLUMNS FROM `classify` [ RunTime:0.0049s ]
SQL: SELECT * FROM `classify`  [ RunTime:0.0005s ]
SQL: SHOW COLUMNS FROM `car_type` [ RunTime:0.0045s ]
SQL: SELECT * FROM `car_type`  [ RunTime:0.0005s ]
SQL: SHOW COLUMNS FROM `car` [ RunTime:0.0056s ]
SQL: SELECT * FROM `car`  [ RunTime:0.0005s ]
INFO: [ view_parse ] --START--
INFO: [ template_filter ] --START--
INFO: Run Behavior\ContentReplaceBehavior [ RunTime:0.000083s ]
INFO: [ template_filter ] --END-- [ RunTime:0.000158s ]
NOTIC: [8] Undefined variable: car_centry_data E:\xampp\htdocs\youxin\Application\Runtime\Cache\Home\2a94b8bda04ff446dcedd42276fc99ee.php 第 103 行.
NOTIC: [2] Invalid argument supplied for foreach() E:\xampp\htdocs\youxin\Application\Runtime\Cache\Home\2a94b8bda04ff446dcedd42276fc99ee.php 第 103 行.
NOTIC: [8] Undefined variable: car_centry_data E:\xampp\htdocs\youxin\Application\Runtime\Cache\Home\2a94b8bda04ff446dcedd42276fc99ee.php 第 103 行.
NOTIC: [2] Invalid argument supplied for foreach() E:\xampp\htdocs\youxin\Application\Runtime\Cache\Home\2a94b8bda04ff446dcedd42276fc99ee.php 第 103 行.
NOTIC: [8] Undefined variable: car_centry_data E:\xampp\htdocs\youxin\Application\Runtime\Cache\Home\2a94b8bda04ff446dcedd42276fc99ee.php 第 103 行.
NOTIC: [2] Invalid argument supplied for foreach() E:\xampp\htdocs\youxin\Application\Runtime\Cache\Home\2a94b8bda04ff446dcedd42276fc99ee.php 第 103 行.
NOTIC: [8] Undefined variable: car_centry_data E:\xampp\htdocs\youxin\Application\Runtime\Cache\Home\2a94b8bda04ff446dcedd42276fc99ee.php 第 103 行.
NOTIC: [2] Invalid argument supplied for foreach() E:\xampp\htdocs\youxin\Application\Runtime\Cache\Home\2a94b8bda04ff446dcedd42276fc99ee.php 第 103 行.
NOTIC: [8] Undefined variable: car_centry_data E:\xampp\htdocs\youxin\Application\Runtime\Cache\Home\2a94b8bda04ff446dcedd42276fc99ee.php 第 103 行.
NOTIC: [2] Invalid argument supplied for foreach() E:\xampp\htdocs\youxin\Application\Runtime\Cache\Home\2a94b8bda04ff446dcedd42276fc99ee.php 第 103 行.
INFO: Run Behavior\ParseTemplateBehavior [ RunTime:0.009602s ]
INFO: [ view_parse ] --END-- [ RunTime:0.009668s ]
INFO: [ view_filter ] --START--
INFO: Run Behavior\WriteHtmlCacheBehavior [ RunTime:0.001046s ]
INFO: [ view_filter ] --END-- [ RunTime:0.001123s ]
INFO: [ app_end ] --START--
INFO: Run Behavior\ShowPageTraceBehavior [ RunTime:0.001396s ]
INFO: [ app_end ] --END-- [ RunTime:0.001507s ]

[ 2018-03-17T10:05:07+08:00 ] 127.0.0.1 /
INFO: [ app_init ] --START--
INFO: Run Behavior\BuildLiteBehavior [ RunTime:0.000019s ]
INFO: [ app_init ] --END-- [ RunTime:0.000835s ]
INFO: [ app_begin ] --START--
INFO: Run Behavior\ReadHtmlCacheBehavior [ RunTime:0.001152s ]
INFO: [ app_begin ] --END-- [ RunTime:0.001245s ]
NOTIC: [8] A session had already been started - ignoring session_start() E:\xampp\htdocs\youxin\ThinkPHP\Common\functions.php 第 1263 行.
SQL: SHOW COLUMNS FROM `classify` [ RunTime:0.0066s ]
SQL: SELECT * FROM `classify`  [ RunTime:0.0005s ]
SQL: SHOW COLUMNS FROM `car_type` [ RunTime:0.0068s ]
SQL: SELECT * FROM `car_type`  [ RunTime:0.0006s ]
SQL: SHOW COLUMNS FROM `car` [ RunTime:0.0071s ]
SQL: SELECT * FROM `car`  [ RunTime:0.0004s ]
INFO: [ view_parse ] --START--
INFO: [ template_filter ] --START--
INFO: Run Behavior\ContentReplaceBehavior [ RunTime:0.000137s ]
INFO: [ template_filter ] --END-- [ RunTime:0.000264s ]
NOTIC: [8] Undefined variable: car_centry_data E:\xampp\htdocs\youxin\Application\Runtime\Cache\Home\2a94b8bda04ff446dcedd42276fc99ee.php 第 103 行.
NOTIC: [2] Invalid argument supplied for foreach() E:\xampp\htdocs\youxin\Application\Runtime\Cache\Home\2a94b8bda04ff446dcedd42276fc99ee.php 第 103 行.
NOTIC: [8] Undefined variable: car_centry_data E:\xampp\htdocs\youxin\Application\Runtime\Cache\Home\2a94b8bda04ff446dcedd42276fc99ee.php 第 103 行.
NOTIC: [2] Invalid argument supplied for foreach() E:\xampp\htdocs\youxin\Application\Runtime\Cache\Home\2a94b8bda04ff446dcedd42276fc99ee.php 第 103 行.
NOTIC: [8] Undefined variable: car_centry_data E:\xampp\htdocs\youxin\Application\Runtime\Cache\Home\2a94b8bda04ff446dcedd42276fc99ee.php 第 103 行.
NOTIC: [2] Invalid argument supplied for foreach() E:\xampp\htdocs\youxin\Application\Runtime\Cache\Home\2a94b8bda04ff446dcedd42276fc99ee.php 第 103 行.
NOTIC: [8] Undefined variable: car_centry_data E:\xampp\htdocs\youxin\Application\Runtime\Cache\Home\2a94b8bda04ff446dcedd42276fc99ee.php 第 103 行.
NOTIC: [2] Invalid argument supplied for foreach() E:\xampp\htdocs\youxin\Application\Runtime\Cache\Home\2a94b8bda04ff446dcedd42276fc99ee.php 第 103 行.
NOTIC: [8] Undefined variable: car_centry_data E:\xampp\htdocs\youxin\Application\Runtime\Cache\Home\2a94b8bda04ff446dcedd42276fc99ee.php 第 103 行.
NOTIC: [2] Invalid argument supplied for foreach() E:\xampp\htdocs\youxin\Application\Runtime\Cache\Home\2a94b8bda04ff446dcedd42276fc99ee.php 第 103 行.
INFO: Run Behavior\ParseTemplateBehavior [ RunTime:0.014555s ]
INFO: [ view_parse ] --END-- [ RunTime:0.014647s ]
INFO: [ view_filter ] --START--
INFO: Run Behavior\WriteHtmlCacheBehavior [ RunTime:0.001242s ]
INFO: [ view_filter ] --END-- [ RunTime:0.001333s ]
INFO: [ app_end ] --START--
INFO: Run Behavior\ShowPageTraceBehavior [ RunTime:0.001988s ]
INFO: [ app_end ] --END-- [ RunTime:0.002105s ]

[ 2018-03-17T10:05:08+08:00 ] 127.0.0.1 /
INFO: [ app_init ] --START--
INFO: Run Behavior\BuildLiteBehavior [ RunTime:0.000026s ]
INFO: [ app_init ] --END-- [ RunTime:0.000950s ]
INFO: [ app_begin ] --START--
INFO: Run Behavior\ReadHtmlCacheBehavior [ RunTime:0.000964s ]
INFO: [ app_begin ] --END-- [ RunTime:0.001037s ]
NOTIC: [8] A session had already been started - ignoring session_start() E:\xampp\htdocs\youxin\ThinkPHP\Common\functions.php 第 1263 行.
SQL: SHOW COLUMNS FROM `classify` [ RunTime:0.0049s ]
SQL: SELECT * FROM `classify`  [ RunTime:0.0005s ]
SQL: SHOW COLUMNS FROM `car_type` [ RunTime:0.0063s ]
SQL: SELECT * FROM `car_type`  [ RunTime:0.0005s ]
SQL: SHOW COLUMNS FROM `car` [ RunTime:0.0058s ]
SQL: SELECT * FROM `car`  [ RunTime:0.0005s ]
INFO: [ view_parse ] --START--
INFO: [ template_filter ] --START--
INFO: Run Behavior\ContentReplaceBehavior [ RunTime:0.000100s ]
INFO: [ template_filter ] --END-- [ RunTime:0.000203s ]
NOTIC: [8] Undefined variable: car_centry_data E:\xampp\htdocs\youxin\Application\Runtime\Cache\Home\2a94b8bda04ff446dcedd42276fc99ee.php 第 103 行.
NOTIC: [2] Invalid argument supplied for foreach() E:\xampp\htdocs\youxin\Application\Runtime\Cache\Home\2a94b8bda04ff446dcedd42276fc99ee.php 第 103 行.
NOTIC: [8] Undefined variable: car_centry_data E:\xampp\htdocs\youxin\Application\Runtime\Cache\Home\2a94b8bda04ff446dcedd42276fc99ee.php 第 103 行.
NOTIC: [2] Invalid argument supplied for foreach() E:\xampp\htdocs\youxin\Application\Runtime\Cache\Home\2a94b8bda04ff446dcedd42276fc99ee.php 第 103 行.
NOTIC: [8] Undefined variable: car_centry_data E:\xampp\htdocs\youxin\Application\Runtime\Cache\Home\2a94b8bda04ff446dcedd42276fc99ee.php 第 103 行.
NOTIC: [2] Invalid argument supplied for foreach() E:\xampp\htdocs\youxin\Application\Runtime\Cache\Home\2a94b8bda04ff446dcedd42276fc99ee.php 第 103 行.
NOTIC: [8] Undefined variable: car_centry_data E:\xampp\htdocs\youxin\Application\Runtime\Cache\Home\2a94b8bda04ff446dcedd42276fc99ee.php 第 103 行.
NOTIC: [2] Invalid argument supplied for foreach() E:\xampp\htdocs\youxin\Application\Runtime\Cache\Home\2a94b8bda04ff446dcedd42276fc99ee.php 第 103 行.
NOTIC: [8] Undefined variable: car_centry_data E:\xampp\htdocs\youxin\Application\Runtime\Cache\Home\2a94b8bda04ff446dcedd42276fc99ee.php 第 103 行.
NOTIC: [2] Invalid argument supplied for foreach() E:\xampp\htdocs\youxin\Application\Runtime\Cache\Home\2a94b8bda04ff446dcedd42276fc99ee.php 第 103 行.
INFO: Run Behavior\ParseTemplateBehavior [ RunTime:0.011189s ]
INFO: [ view_parse ] --END-- [ RunTime:0.011250s ]
INFO: [ view_filter ] --START--
INFO: Run Behavior\WriteHtmlCacheBehavior [ RunTime:0.000734s ]
INFO: [ view_filter ] --END-- [ RunTime:0.000784s ]
INFO: [ app_end ] --START--
INFO: Run Behavior\ShowPageTraceBehavior [ RunTime:0.001076s ]
INFO: [ app_end ] --END-- [ RunTime:0.001149s ]

[ 2018-03-17T10:09:35+08:00 ] 127.0.0.1 /
INFO: [ app_init ] --START--
INFO: Run Behavior\BuildLiteBehavior [ RunTime:0.000016s ]
INFO: [ app_init ] --END-- [ RunTime:0.000725s ]
INFO: [ app_begin ] --START--
INFO: Run Behavior\ReadHtmlCacheBehavior [ RunTime:0.001036s ]
INFO: [ app_begin ] --END-- [ RunTime:0.001097s ]
NOTIC: [8] A session had already been started - ignoring session_start() E:\xampp\htdocs\youxin\ThinkPHP\Common\functions.php 第 1263 行.

[ 2018-03-17T10:19:29+08:00 ] 127.0.0.1 /
INFO: [ app_init ] --START--
INFO: Run Behavior\BuildLiteBehavior [ RunTime:0.000026s ]
INFO: [ app_init ] --END-- [ RunTime:0.001150s ]
INFO: [ app_begin ] --START--
INFO: Run Behavior\ReadHtmlCacheBehavior [ RunTime:0.001305s ]
INFO: [ app_begin ] --END-- [ RunTime:0.001372s ]
NOTIC: [8] A session had already been started - ignoring session_start() E:\xampp\htdocs\youxin\ThinkPHP\Common\functions.php 第 1263 行.

[ 2018-03-17T10:20:40+08:00 ] 127.0.0.1 /
INFO: [ app_init ] --START--
INFO: Run Behavior\BuildLiteBehavior [ RunTime:0.000017s ]
INFO: [ app_init ] --END-- [ RunTime:0.000868s ]
INFO: [ app_begin ] --START--
INFO: Run Behavior\ReadHtmlCacheBehavior [ RunTime:0.001151s ]
INFO: [ app_begin ] --END-- [ RunTime:0.001224s ]
NOTIC: [8] A session had already been started - ignoring session_start() E:\xampp\htdocs\youxin\ThinkPHP\Common\functions.php 第 1263 行.

[ 2018-03-17T14:08:23+08:00 ] 127.0.0.1 /
INFO: [ app_init ] --START--
INFO: Run Behavior\BuildLiteBehavior [ RunTime:0.000016s ]
INFO: [ app_init ] --END-- [ RunTime:0.000935s ]
INFO: [ app_begin ] --START--
INFO: Run Behavior\ReadHtmlCacheBehavior [ RunTime:0.001198s ]
INFO: [ app_begin ] --END-- [ RunTime:0.001305s ]
NOTIC: [8] A session had already been started - ignoring session_start() E:\xampp\htdocs\youxin\ThinkPHP\Common\functions.php 第 1263 行.
SQL: SHOW COLUMNS FROM `classify` [ RunTime:0.0140s ]
SQL: SELECT * FROM `classify`  [ RunTime:0.0006s ]
SQL: SHOW COLUMNS FROM `car_type` [ RunTime:0.0051s ]
SQL: SELECT * FROM `car_type`  [ RunTime:0.0004s ]
SQL: SHOW COLUMNS FROM `car` [ RunTime:0.0057s ]
SQL: SELECT * FROM `car`  [ RunTime:0.0005s ]
INFO: [ view_parse ] --START--
INFO: [ template_filter ] --START--
INFO: Run Behavior\ContentReplaceBehavior [ RunTime:0.000099s ]
INFO: [ template_filter ] --END-- [ RunTime:0.000223s ]
NOTIC: [8] Undefined variable: car_centry_data E:\xampp\htdocs\youxin\Application\Runtime\Cache\Home\2a94b8bda04ff446dcedd42276fc99ee.php 第 103 行.
NOTIC: [2] Invalid argument supplied for foreach() E:\xampp\htdocs\youxin\Application\Runtime\Cache\Home\2a94b8bda04ff446dcedd42276fc99ee.php 第 103 行.
NOTIC: [8] Undefined variable: car_centry_data E:\xampp\htdocs\youxin\Application\Runtime\Cache\Home\2a94b8bda04ff446dcedd42276fc99ee.php 第 103 行.
NOTIC: [2] Invalid argument supplied for foreach() E:\xampp\htdocs\youxin\Application\Runtime\Cache\Home\2a94b8bda04ff446dcedd42276fc99ee.php 第 103 行.
NOTIC: [8] Undefined variable: car_centry_data E:\xampp\htdocs\youxin\Application\Runtime\Cache\Home\2a94b8bda04ff446dcedd42276fc99ee.php 第 103 行.
NOTIC: [2] Invalid argument supplied for foreach() E:\xampp\htdocs\youxin\Application\Runtime\Cache\Home\2a94b8bda04ff446dcedd42276fc99ee.php 第 103 行.
NOTIC: [8] Undefined variable: car_centry_data E:\xampp\htdocs\youxin\Application\Runtime\Cache\Home\2a94b8bda04ff446dcedd42276fc99ee.php 第 103 行.
NOTIC: [2] Invalid argument supplied for foreach() E:\xampp\htdocs\youxin\Application\Runtime\Cache\Home\2a94b8bda04ff446dcedd42276fc99ee.php 第 103 行.
NOTIC: [8] Undefined variable: car_centry_data E:\xampp\htdocs\youxin\Application\Runtime\Cache\Home\2a94b8bda04ff446dcedd42276fc99ee.php 第 103 行.
NOTIC: [2] Invalid argument supplied for foreach() E:\xampp\htdocs\youxin\Application\Runtime\Cache\Home\2a94b8bda04ff446dcedd42276fc99ee.php 第 103 行.
INFO: Run Behavior\ParseTemplateBehavior [ RunTime:0.011539s ]
INFO: [ view_parse ] --END-- [ RunTime:0.011622s ]
INFO: [ view_filter ] --START--
INFO: Run Behavior\WriteHtmlCacheBehavior [ RunTime:0.000932s ]
INFO: [ view_filter ] --END-- [ RunTime:0.000999s ]
INFO: [ app_end ] --START--
INFO: Run Behavior\ShowPageTraceBehavior [ RunTime:0.001370s ]
INFO: [ app_end ] --END-- [ RunTime:0.001448s ]

[ 2018-03-17T14:08:35+08:00 ] 127.0.0.1 /
INFO: [ app_init ] --START--
INFO: Run Behavior\BuildLiteBehavior [ RunTime:0.000025s ]
INFO: [ app_init ] --END-- [ RunTime:0.001038s ]
INFO: [ app_begin ] --START--
INFO: Run Behavior\ReadHtmlCacheBehavior [ RunTime:0.001015s ]
INFO: [ app_begin ] --END-- [ RunTime:0.001117s ]
NOTIC: [8] A session had already been started - ignoring session_start() E:\xampp\htdocs\youxin\ThinkPHP\Common\functions.php 第 1263 行.
SQL: SHOW COLUMNS FROM `classify` [ RunTime:0.0065s ]
SQL: SELECT * FROM `classify`  [ RunTime:0.0008s ]
SQL: SHOW COLUMNS FROM `car_type` [ RunTime:0.0080s ]
SQL: SELECT * FROM `car_type`  [ RunTime:0.0005s ]
SQL: SHOW COLUMNS FROM `car` [ RunTime:0.0077s ]
SQL: SELECT * FROM `car`  [ RunTime:0.0006s ]
INFO: [ view_parse ] --START--
INFO: [ template_filter ] --START--
INFO: Run Behavior\ContentReplaceBehavior [ RunTime:0.000142s ]
INFO: [ template_filter ] --END-- [ RunTime:0.000299s ]
NOTIC: [8] Undefined variable: car_centry_data E:\xampp\htdocs\youxin\Application\Runtime\Cache\Home\2a94b8bda04ff446dcedd42276fc99ee.php 第 103 行.
NOTIC: [2] Invalid argument supplied for foreach() E:\xampp\htdocs\youxin\Application\Runtime\Cache\Home\2a94b8bda04ff446dcedd42276fc99ee.php 第 103 行.
NOTIC: [8] Undefined variable: car_centry_data E:\xampp\htdocs\youxin\Application\Runtime\Cache\Home\2a94b8bda04ff446dcedd42276fc99ee.php 第 103 行.
NOTIC: [2] Invalid argument supplied for foreach() E:\xampp\htdocs\youxin\Application\Runtime\Cache\Home\2a94b8bda04ff446dcedd42276fc99ee.php 第 103 行.
NOTIC: [8] Undefined variable: car_centry_data E:\xampp\htdocs\youxin\Application\Runtime\Cache\Home\2a94b8bda04ff446dcedd42276fc99ee.php 第 103 行.
NOTIC: [2] Invalid argument supplied for foreach() E:\xampp\htdocs\youxin\Application\Runtime\Cache\Home\2a94b8bda04ff446dcedd42276fc99ee.php 第 103 行.
NOTIC: [8] Undefined variable: car_centry_data E:\xampp\htdocs\youxin\Application\Runtime\Cache\Home\2a94b8bda04ff446dcedd42276fc99ee.php 第 103 行.
NOTIC: [2] Invalid argument supplied for foreach() E:\xampp\htdocs\youxin\Application\Runtime\Cache\Home\2a94b8bda04ff446dcedd42276fc99ee.php 第 103 行.
NOTIC: [8] Undefined variable: car_centry_data E:\xampp\htdocs\youxin\Application\Runtime\Cache\Home\2a94b8bda04ff446dcedd42276fc99ee.php 第 103 行.
NOTIC: [2] Invalid argument supplied for foreach() E:\xampp\htdocs\youxin\Application\Runtime\Cache\Home\2a94b8bda04ff446dcedd42276fc99ee.php 第 103 行.
INFO: Run Behavior\ParseTemplateBehavior [ RunTime:0.012796s ]
INFO: [ view_parse ] --END-- [ RunTime:0.013157s ]
INFO: [ view_filter ] --START--
INFO: Run Behavior\WriteHtmlCacheBehavior [ RunTime:0.001009s ]
INFO: [ view_filter ] --END-- [ RunTime:0.001117s ]
INFO: [ app_end ] --START--
INFO: Run Behavior\ShowPageTraceBehavior [ RunTime:0.001734s ]
INFO: [ app_end ] --END-- [ RunTime:0.001909s ]

[ 2018-03-17T14:08:35+08:00 ] 127.0.0.1 /
INFO: [ app_init ] --START--
INFO: Run Behavior\BuildLiteBehavior [ RunTime:0.000016s ]
INFO: [ app_init ] --END-- [ RunTime:0.000768s ]
INFO: [ app_begin ] --START--
INFO: Run Behavior\ReadHtmlCacheBehavior [ RunTime:0.000948s ]
INFO: [ app_begin ] --END-- [ RunTime:0.001051s ]
NOTIC: [8] A session had already been started - ignoring session_start() E:\xampp\htdocs\youxin\ThinkPHP\Common\functions.php 第 1263 行.
SQL: SHOW COLUMNS FROM `classify` [ RunTime:0.0047s ]
SQL: SELECT * FROM `classify`  [ RunTime:0.0005s ]
SQL: SHOW COLUMNS FROM `car_type` [ RunTime:0.0055s ]
SQL: SELECT * FROM `car_type`  [ RunTime:0.0005s ]
SQL: SHOW COLUMNS FROM `car` [ RunTime:0.0049s ]
SQL: SELECT * FROM `car`  [ RunTime:0.0005s ]
INFO: [ view_parse ] --START--
INFO: [ template_filter ] --START--
INFO: Run Behavior\ContentReplaceBehavior [ RunTime:0.000094s ]
INFO: [ template_filter ] --END-- [ RunTime:0.000220s ]
NOTIC: [8] Undefined variable: car_centry_data E:\xampp\htdocs\youxin\Application\Runtime\Cache\Home\2a94b8bda04ff446dcedd42276fc99ee.php 第 103 行.
NOTIC: [2] Invalid argument supplied for foreach() E:\xampp\htdocs\youxin\Application\Runtime\Cache\Home\2a94b8bda04ff446dcedd42276fc99ee.php 第 103 行.
NOTIC: [8] Undefined variable: car_centry_data E:\xampp\htdocs\youxin\Application\Runtime\Cache\Home\2a94b8bda04ff446dcedd42276fc99ee.php 第 103 行.
NOTIC: [2] Invalid argument supplied for foreach() E:\xampp\htdocs\youxin\Application\Runtime\Cache\Home\2a94b8bda04ff446dcedd42276fc99ee.php 第 103 行.
NOTIC: [8] Undefined variable: car_centry_data E:\xampp\htdocs\youxin\Application\Runtime\Cache\Home\2a94b8bda04ff446dcedd42276fc99ee.php 第 103 行.
NOTIC: [2] Invalid argument supplied for foreach() E:\xampp\htdocs\youxin\Application\Runtime\Cache\Home\2a94b8bda04ff446dcedd42276fc99ee.php 第 103 行.
NOTIC: [8] Undefined variable: car_centry_data E:\xampp\htdocs\youxin\Application\Runtime\Cache\Home\2a94b8bda04ff446dcedd42276fc99ee.php 第 103 行.
NOTIC: [2] Invalid argument supplied for foreach() E:\xampp\htdocs\youxin\Application\Runtime\Cache\Home\2a94b8bda04ff446dcedd42276fc99ee.php 第 103 行.
NOTIC: [8] Undefined variable: car_centry_data E:\xampp\htdocs\youxin\Application\Runtime\Cache\Home\2a94b8bda04ff446dcedd42276fc99ee.php 第 103 行.
NOTIC: [2] Invalid argument supplied for foreach() E:\xampp\htdocs\youxin\Application\Runtime\Cache\Home\2a94b8bda04ff446dcedd42276fc99ee.php 第 103 行.
INFO: Run Behavior\ParseTemplateBehavior [ RunTime:0.010778s ]
INFO: [ view_parse ] --END-- [ RunTime:0.010835s ]
INFO: [ view_filter ] --START--
INFO: Run Behavior\WriteHtmlCacheBehavior [ RunTime:0.000637s ]
INFO: [ view_filter ] --END-- [ RunTime:0.000685s ]
INFO: [ app_end ] --START--
INFO: Run Behavior\ShowPageTraceBehavior [ RunTime:0.001001s ]
INFO: [ app_end ] --END-- [ RunTime:0.001068s ]

[ 2018-03-17T14:09:23+08:00 ] 127.0.0.1 /
INFO: [ app_init ] --START--
INFO: Run Behavior\BuildLiteBehavior [ RunTime:0.000030s ]
INFO: [ app_init ] --END-- [ RunTime:0.001043s ]
INFO: [ app_begin ] --START--
INFO: Run Behavior\ReadHtmlCacheBehavior [ RunTime:0.000990s ]
INFO: [ app_begin ] --END-- [ RunTime:0.001087s ]
NOTIC: [8] A session had already been started - ignoring session_start() E:\xampp\htdocs\youxin\ThinkPHP\Common\functions.php 第 1263 行.
SQL: SHOW COLUMNS FROM `classify` [ RunTime:0.0060s ]
SQL: SELECT * FROM `classify`  [ RunTime:0.0005s ]
SQL: SHOW COLUMNS FROM `car_type` [ RunTime:0.0055s ]
SQL: SELECT * FROM `car_type`  [ RunTime:0.0004s ]
SQL: SHOW COLUMNS FROM `car` [ RunTime:0.0057s ]
SQL: SELECT * FROM `car`  [ RunTime:0.0005s ]
INFO: [ view_parse ] --START--
INFO: [ template_filter ] --START--
INFO: Run Behavior\ContentReplaceBehavior [ RunTime:0.000085s ]
INFO: [ template_filter ] --END-- [ RunTime:0.000164s ]
NOTIC: [8] Undefined variable: car_centry_data E:\xampp\htdocs\youxin\Application\Runtime\Cache\Home\2a94b8bda04ff446dcedd42276fc99ee.php 第 103 行.
NOTIC: [2] Invalid argument supplied for foreach() E:\xampp\htdocs\youxin\Application\Runtime\Cache\Home\2a94b8bda04ff446dcedd42276fc99ee.php 第 103 行.
NOTIC: [8] Undefined variable: car_centry_data E:\xampp\htdocs\youxin\Application\Runtime\Cache\Home\2a94b8bda04ff446dcedd42276fc99ee.php 第 103 行.
NOTIC: [2] Invalid argument supplied for foreach() E:\xampp\htdocs\youxin\Application\Runtime\Cache\Home\2a94b8bda04ff446dcedd42276fc99ee.php 第 103 行.
NOTIC: [8] Undefined variable: car_centry_data E:\xampp\htdocs\youxin\Application\Runtime\Cache\Home\2a94b8bda04ff446dcedd42276fc99ee.php 第 103 行.
NOTIC: [2] Invalid argument supplied for foreach() E:\xampp\htdocs\youxin\Application\Runtime\Cache\Home\2a94b8bda04ff446dcedd42276fc99ee.php 第 103 行.
NOTIC: [8] Undefined variable: car_centry_data E:\xampp\htdocs\youxin\Application\Runtime\Cache\Home\2a94b8bda04ff446dcedd42276fc99ee.php 第 103 行.
NOTIC: [2] Invalid argument supplied for foreach() E:\xampp\htdocs\youxin\Application\Runtime\Cache\Home\2a94b8bda04ff446dcedd42276fc99ee.php 第 103 行.
NOTIC: [8] Undefined variable: car_centry_data E:\xampp\htdocs\youxin\Application\Runtime\Cache\Home\2a94b8bda04ff446dcedd42276fc99ee.php 第 103 行.
NOTIC: [2] Invalid argument supplied for foreach() E:\xampp\htdocs\youxin\Application\Runtime\Cache\Home\2a94b8bda04ff446dcedd42276fc99ee.php 第 103 行.
INFO: Run Behavior\ParseTemplateBehavior [ RunTime:0.009003s ]
INFO: [ view_parse ] --END-- [ RunTime:0.009062s ]
INFO: [ view_filter ] --START--
INFO: Run Behavior\WriteHtmlCacheBehavior [ RunTime:0.000644s ]
INFO: [ view_filter ] --END-- [ RunTime:0.000692s ]
INFO: [ app_end ] --START--
INFO: Run Behavior\ShowPageTraceBehavior [ RunTime:0.000976s ]
INFO: [ app_end ] --END-- [ RunTime:0.001042s ]

[ 2018-03-17T14:11:56+08:00 ] 127.0.0.1 /
INFO: [ app_init ] --START--
INFO: Run Behavior\BuildLiteBehavior [ RunTime:0.000016s ]
INFO: [ app_init ] --END-- [ RunTime:0.000668s ]
INFO: [ app_begin ] --START--
INFO: Run Behavior\ReadHtmlCacheBehavior [ RunTime:0.001511s ]
INFO: [ app_begin ] --END-- [ RunTime:0.001697s ]
NOTIC: [8] A session had already been started - ignoring session_start() E:\xampp\htdocs\youxin\ThinkPHP\Common\functions.php 第 1263 行.
SQL: SHOW COLUMNS FROM `classify` [ RunTime:0.0069s ]
SQL: SELECT * FROM `classify`  [ RunTime:0.0005s ]
SQL: SHOW COLUMNS FROM `car_type` [ RunTime:0.0050s ]
SQL: SELECT * FROM `car_type`  [ RunTime:0.0016s ]
SQL: SHOW COLUMNS FROM `car` [ RunTime:0.0067s ]
SQL: SELECT * FROM `car`  [ RunTime:0.0005s ]
INFO: [ view_parse ] --START--
INFO: [ template_filter ] --START--
INFO: Run Behavior\ContentReplaceBehavior [ RunTime:0.000086s ]
INFO: [ template_filter ] --END-- [ RunTime:0.000146s ]
NOTIC: [8] Undefined variable: car_centry_data E:\xampp\htdocs\youxin\Application\Runtime\Cache\Home\2a94b8bda04ff446dcedd42276fc99ee.php 第 101 行.
NOTIC: [2] Invalid argument supplied for foreach() E:\xampp\htdocs\youxin\Application\Runtime\Cache\Home\2a94b8bda04ff446dcedd42276fc99ee.php 第 101 行.
NOTIC: [8] Undefined variable: car_centry_data E:\xampp\htdocs\youxin\Application\Runtime\Cache\Home\2a94b8bda04ff446dcedd42276fc99ee.php 第 101 行.
NOTIC: [2] Invalid argument supplied for foreach() E:\xampp\htdocs\youxin\Application\Runtime\Cache\Home\2a94b8bda04ff446dcedd42276fc99ee.php 第 101 行.
NOTIC: [8] Undefined variable: car_centry_data E:\xampp\htdocs\youxin\Application\Runtime\Cache\Home\2a94b8bda04ff446dcedd42276fc99ee.php 第 101 行.
NOTIC: [2] Invalid argument supplied for foreach() E:\xampp\htdocs\youxin\Application\Runtime\Cache\Home\2a94b8bda04ff446dcedd42276fc99ee.php 第 101 行.
NOTIC: [8] Undefined variable: car_centry_data E:\xampp\htdocs\youxin\Application\Runtime\Cache\Home\2a94b8bda04ff446dcedd42276fc99ee.php 第 101 行.
NOTIC: [2] Invalid argument supplied for foreach() E:\xampp\htdocs\youxin\Application\Runtime\Cache\Home\2a94b8bda04ff446dcedd42276fc99ee.php 第 101 行.
NOTIC: [8] Undefined variable: car_centry_data E:\xampp\htdocs\youxin\Application\Runtime\Cache\Home\2a94b8bda04ff446dcedd42276fc99ee.php 第 101 行.
NOTIC: [2] Invalid argument supplied for foreach() E:\xampp\htdocs\youxin\Application\Runtime\Cache\Home\2a94b8bda04ff446dcedd42276fc99ee.php 第 101 行.
INFO: Run Behavior\ParseTemplateBehavior [ RunTime:0.010142s ]
INFO: [ view_parse ] --END-- [ RunTime:0.010215s ]
INFO: [ view_filter ] --START--
INFO: Run Behavior\WriteHtmlCacheBehavior [ RunTime:0.001046s ]
INFO: [ view_filter ] --END-- [ RunTime:0.001132s ]
INFO: [ app_end ] --START--
INFO: Run Behavior\ShowPageTraceBehavior [ RunTime:0.001484s ]
INFO: [ app_end ] --END-- [ RunTime:0.001586s ]

[ 2018-03-17T14:11:57+08:00 ] 127.0.0.1 /
INFO: [ app_init ] --START--
INFO: Run Behavior\BuildLiteBehavior [ RunTime:0.000017s ]
INFO: [ app_init ] --END-- [ RunTime:0.000689s ]
INFO: [ app_begin ] --START--
INFO: Run Behavior\ReadHtmlCacheBehavior [ RunTime:0.000860s ]
INFO: [ app_begin ] --END-- [ RunTime:0.000933s ]
NOTIC: [8] A session had already been started - ignoring session_start() E:\xampp\htdocs\youxin\ThinkPHP\Common\functions.php 第 1263 行.
SQL: SHOW COLUMNS FROM `classify` [ RunTime:0.0063s ]
SQL: SELECT * FROM `classify`  [ RunTime:0.0005s ]
SQL: SHOW COLUMNS FROM `car_type` [ RunTime:0.0061s ]
SQL: SELECT * FROM `car_type`  [ RunTime:0.0004s ]
SQL: SHOW COLUMNS FROM `car` [ RunTime:0.0053s ]
SQL: SELECT * FROM `car`  [ RunTime:0.0010s ]
INFO: [ view_parse ] --START--
INFO: [ template_filter ] --START--
INFO: Run Behavior\ContentReplaceBehavior [ RunTime:0.000088s ]
INFO: [ template_filter ] --END-- [ RunTime:0.000151s ]
NOTIC: [8] Undefined variable: car_centry_data E:\xampp\htdocs\youxin\Application\Runtime\Cache\Home\2a94b8bda04ff446dcedd42276fc99ee.php 第 101 行.
NOTIC: [2] Invalid argument supplied for foreach() E:\xampp\htdocs\youxin\Application\Runtime\Cache\Home\2a94b8bda04ff446dcedd42276fc99ee.php 第 101 行.
NOTIC: [8] Undefined variable: car_centry_data E:\xampp\htdocs\youxin\Application\Runtime\Cache\Home\2a94b8bda04ff446dcedd42276fc99ee.php 第 101 行.
NOTIC: [2] Invalid argument supplied for foreach() E:\xampp\htdocs\youxin\Application\Runtime\Cache\Home\2a94b8bda04ff446dcedd42276fc99ee.php 第 101 行.
NOTIC: [8] Undefined variable: car_centry_data E:\xampp\htdocs\youxin\Application\Runtime\Cache\Home\2a94b8bda04ff446dcedd42276fc99ee.php 第 101 行.
NOTIC: [2] Invalid argument supplied for foreach() E:\xampp\htdocs\youxin\Application\Runtime\Cache\Home\2a94b8bda04ff446dcedd42276fc99ee.php 第 101 行.
NOTIC: [8] Undefined variable: car_centry_data E:\xampp\htdocs\youxin\Application\Runtime\Cache\Home\2a94b8bda04ff446dcedd42276fc99ee.php 第 101 行.
NOTIC: [2] Invalid argument supplied for foreach() E:\xampp\htdocs\youxin\Application\Runtime\Cache\Home\2a94b8bda04ff446dcedd42276fc99ee.php 第 101 行.
NOTIC: [8] Undefined variable: car_centry_data E:\xampp\htdocs\youxin\Application\Runtime\Cache\Home\2a94b8bda04ff446dcedd42276fc99ee.php 第 101 行.
NOTIC: [2] Invalid argument supplied for foreach() E:\xampp\htdocs\youxin\Application\Runtime\Cache\Home\2a94b8bda04ff446dcedd42276fc99ee.php 第 101 行.
INFO: Run Behavior\ParseTemplateBehavior [ RunTime:0.011118s ]
INFO: [ view_parse ] --END-- [ RunTime:0.011196s ]
INFO: [ view_filter ] --START--
INFO: Run Behavior\WriteHtmlCacheBehavior [ RunTime:0.000697s ]
INFO: [ view_filter ] --END-- [ RunTime:0.000746s ]
INFO: [ app_end ] --START--
INFO: Run Behavior\ShowPageTraceBehavior [ RunTime:0.000932s ]
INFO: [ app_end ] --END-- [ RunTime:0.000983s ]

[ 2018-03-17T14:13:54+08:00 ] 127.0.0.1 /
INFO: [ app_init ] --START--
INFO: Run Behavior\BuildLiteBehavior [ RunTime:0.000014s ]
INFO: [ app_init ] --END-- [ RunTime:0.000675s ]
INFO: [ app_begin ] --START--
INFO: Run Behavior\ReadHtmlCacheBehavior [ RunTime:0.001805s ]
INFO: [ app_begin ] --END-- [ RunTime:0.001958s ]
NOTIC: [8] A session had already been started - ignoring session_start() E:\xampp\htdocs\youxin\ThinkPHP\Common\functions.php 第 1263 行.
SQL: SHOW COLUMNS FROM `classify` [ RunTime:0.0069s ]
SQL: SELECT * FROM `classify`  [ RunTime:0.0005s ]
SQL: SHOW COLUMNS FROM `car_type` [ RunTime:0.0049s ]
SQL: SELECT * FROM `car_type`  [ RunTime:0.0004s ]
SQL: SHOW COLUMNS FROM `car` [ RunTime:0.0061s ]
SQL: SELECT * FROM `car`  [ RunTime:0.0005s ]

[ 2018-03-17T14:14:00+08:00 ] 127.0.0.1 /
INFO: [ app_init ] --START--
INFO: Run Behavior\BuildLiteBehavior [ RunTime:0.000017s ]
INFO: [ app_init ] --END-- [ RunTime:0.000914s ]
INFO: [ app_begin ] --START--
INFO: Run Behavior\ReadHtmlCacheBehavior [ RunTime:0.001074s ]
INFO: [ app_begin ] --END-- [ RunTime:0.001149s ]
NOTIC: [8] A session had already been started - ignoring session_start() E:\xampp\htdocs\youxin\ThinkPHP\Common\functions.php 第 1263 行.
SQL: SHOW COLUMNS FROM `classify` [ RunTime:0.0100s ]
SQL: SELECT * FROM `classify`  [ RunTime:0.0023s ]
SQL: SHOW COLUMNS FROM `car_type` [ RunTime:0.0079s ]
SQL: SELECT * FROM `car_type`  [ RunTime:0.0006s ]
SQL: SHOW COLUMNS FROM `car` [ RunTime:0.0093s ]
SQL: SELECT * FROM `car`  [ RunTime:0.0007s ]

[ 2018-03-17T14:14:17+08:00 ] 127.0.0.1 /
INFO: [ app_init ] --START--
INFO: Run Behavior\BuildLiteBehavior [ RunTime:0.000016s ]
INFO: [ app_init ] --END-- [ RunTime:0.000745s ]
INFO: [ app_begin ] --START--
INFO: Run Behavior\ReadHtmlCacheBehavior [ RunTime:0.001115s ]
INFO: [ app_begin ] --END-- [ RunTime:0.001189s ]
NOTIC: [8] A session had already been started - ignoring session_start() E:\xampp\htdocs\youxin\ThinkPHP\Common\functions.php 第 1263 行.
SQL: SHOW COLUMNS FROM `classify` [ RunTime:0.0054s ]
SQL: SELECT * FROM `classify`  [ RunTime:0.0005s ]
SQL: SHOW COLUMNS FROM `car_type` [ RunTime:0.0058s ]
SQL: SELECT * FROM `car_type`  [ RunTime:0.0004s ]
SQL: SHOW COLUMNS FROM `car` [ RunTime:0.0048s ]
SQL: SELECT * FROM `car`  [ RunTime:0.0004s ]

[ 2018-03-17T14:14:51+08:00 ] 127.0.0.1 /
INFO: [ app_init ] --START--
INFO: Run Behavior\BuildLiteBehavior [ RunTime:0.000039s ]
INFO: [ app_init ] --END-- [ RunTime:0.001525s ]
INFO: [ app_begin ] --START--
INFO: Run Behavior\ReadHtmlCacheBehavior [ RunTime:0.001117s ]
INFO: [ app_begin ] --END-- [ RunTime:0.001195s ]
NOTIC: [8] A session had already been started - ignoring session_start() E:\xampp\htdocs\youxin\ThinkPHP\Common\functions.php 第 1263 行.
SQL: SHOW COLUMNS FROM `classify` [ RunTime:0.0074s ]
SQL: SELECT * FROM `classify`  [ RunTime:0.0005s ]
SQL: SHOW COLUMNS FROM `car_type` [ RunTime:0.0060s ]
SQL: SELECT * FROM `car_type`  [ RunTime:0.0004s ]
SQL: SHOW COLUMNS FROM `car` [ RunTime:0.0051s ]
SQL: SELECT * FROM `car`  [ RunTime:0.0005s ]
INFO: [ view_parse ] --START--
INFO: [ template_filter ] --START--
INFO: Run Behavior\ContentReplaceBehavior [ RunTime:0.000115s ]
INFO: [ template_filter ] --END-- [ RunTime:0.000196s ]
NOTIC: [8] Undefined variable: car_centry_data E:\xampp\htdocs\youxin\Application\Runtime\Cache\Home\2a94b8bda04ff446dcedd42276fc99ee.php 第 101 行.
NOTIC: [2] Invalid argument supplied for foreach() E:\xampp\htdocs\youxin\Application\Runtime\Cache\Home\2a94b8bda04ff446dcedd42276fc99ee.php 第 101 行.
NOTIC: [8] Undefined variable: car_centry_data E:\xampp\htdocs\youxin\Application\Runtime\Cache\Home\2a94b8bda04ff446dcedd42276fc99ee.php 第 101 行.
NOTIC: [2] Invalid argument supplied for foreach() E:\xampp\htdocs\youxin\Application\Runtime\Cache\Home\2a94b8bda04ff446dcedd42276fc99ee.php 第 101 行.
NOTIC: [8] Undefined variable: car_centry_data E:\xampp\htdocs\youxin\Application\Runtime\Cache\Home\2a94b8bda04ff446dcedd42276fc99ee.php 第 101 行.
NOTIC: [2] Invalid argument supplied for foreach() E:\xampp\htdocs\youxin\Application\Runtime\Cache\Home\2a94b8bda04ff446dcedd42276fc99ee.php 第 101 行.
NOTIC: [8] Undefined variable: car_centry_data E:\xampp\htdocs\youxin\Application\Runtime\Cache\Home\2a94b8bda04ff446dcedd42276fc99ee.php 第 101 行.
NOTIC: [2] Invalid argument supplied for foreach() E:\xampp\htdocs\youxin\Application\Runtime\Cache\Home\2a94b8bda04ff446dcedd42276fc99ee.php 第 101 行.
NOTIC: [8] Undefined variable: car_centry_data E:\xampp\htdocs\youxin\Application\Runtime\Cache\Home\2a94b8bda04ff446dcedd42276fc99ee.php 第 101 行.
NOTIC: [2] Invalid argument supplied for foreach() E:\xampp\htdocs\youxin\Application\Runtime\Cache\Home\2a94b8bda04ff446dcedd42276fc99ee.php 第 101 行.
INFO: Run Behavior\ParseTemplateBehavior [ RunTime:0.011885s ]
INFO: [ view_parse ] --END-- [ RunTime:0.011944s ]
INFO: [ view_filter ] --START--
INFO: Run Behavior\WriteHtmlCacheBehavior [ RunTime:0.000880s ]
INFO: [ view_filter ] --END-- [ RunTime:0.000936s ]
INFO: [ app_end ] --START--
INFO: Run Behavior\ShowPageTraceBehavior [ RunTime:0.001132s ]
INFO: [ app_end ] --END-- [ RunTime:0.001197s ]

[ 2018-03-17T14:15:40+08:00 ] 127.0.0.1 /
INFO: [ app_init ] --START--
INFO: Run Behavior\BuildLiteBehavior [ RunTime:0.000017s ]
INFO: [ app_init ] --END-- [ RunTime:0.000715s ]
INFO: [ app_begin ] --START--
INFO: Run Behavior\ReadHtmlCacheBehavior [ RunTime:0.000884s ]
INFO: [ app_begin ] --END-- [ RunTime:0.000959s ]
NOTIC: [8] A session had already been started - ignoring session_start() E:\xampp\htdocs\youxin\ThinkPHP\Common\functions.php 第 1263 行.
SQL: SHOW COLUMNS FROM `classify` [ RunTime:0.0065s ]
SQL: SELECT * FROM `classify`  [ RunTime:0.0005s ]
SQL: SHOW COLUMNS FROM `car_type` [ RunTime:0.0053s ]
SQL: SELECT * FROM `car_type`  [ RunTime:0.0007s ]
SQL: SHOW COLUMNS FROM `car` [ RunTime:0.0050s ]
SQL: SELECT * FROM `car`  [ RunTime:0.0004s ]
INFO: [ view_parse ] --START--
INFO: [ template_filter ] --START--
INFO: Run Behavior\ContentReplaceBehavior [ RunTime:0.000083s ]
INFO: [ template_filter ] --END-- [ RunTime:0.000139s ]
NOTIC: [8] Undefined variable: car_centry_data E:\xampp\htdocs\youxin\Application\Runtime\Cache\Home\2a94b8bda04ff446dcedd42276fc99ee.php 第 101 行.
NOTIC: [2] Invalid argument supplied for foreach() E:\xampp\htdocs\youxin\Application\Runtime\Cache\Home\2a94b8bda04ff446dcedd42276fc99ee.php 第 101 行.
NOTIC: [8] Undefined variable: car_centry_data E:\xampp\htdocs\youxin\Application\Runtime\Cache\Home\2a94b8bda04ff446dcedd42276fc99ee.php 第 101 行.
NOTIC: [2] Invalid argument supplied for foreach() E:\xampp\htdocs\youxin\Application\Runtime\Cache\Home\2a94b8bda04ff446dcedd42276fc99ee.php 第 101 行.
NOTIC: [8] Undefined variable: car_centry_data E:\xampp\htdocs\youxin\Application\Runtime\Cache\Home\2a94b8bda04ff446dcedd42276fc99ee.php 第 101 行.
NOTIC: [2] Invalid argument supplied for foreach() E:\xampp\htdocs\youxin\Application\Runtime\Cache\Home\2a94b8bda04ff446dcedd42276fc99ee.php 第 101 行.
NOTIC: [8] Undefined variable: car_centry_data E:\xampp\htdocs\youxin\Application\Runtime\Cache\Home\2a94b8bda04ff446dcedd42276fc99ee.php 第 101 行.
NOTIC: [2] Invalid argument supplied for foreach() E:\xampp\htdocs\youxin\Application\Runtime\Cache\Home\2a94b8bda04ff446dcedd42276fc99ee.php 第 101 行.
NOTIC: [8] Undefined variable: car_centry_data E:\xampp\htdocs\youxin\Application\Runtime\Cache\Home\2a94b8bda04ff446dcedd42276fc99ee.php 第 101 行.
NOTIC: [2] Invalid argument supplied for foreach() E:\xampp\htdocs\youxin\Application\Runtime\Cache\Home\2a94b8bda04ff446dcedd42276fc99ee.php 第 101 行.
INFO: Run Behavior\ParseTemplateBehavior [ RunTime:0.009468s ]
INFO: [ view_parse ] --END-- [ RunTime:0.009543s ]
INFO: [ view_filter ] --START--
INFO: Run Behavior\WriteHtmlCacheBehavior [ RunTime:0.000940s ]
INFO: [ view_filter ] --END-- [ RunTime:0.001002s ]
INFO: [ app_end ] --START--
INFO: Run Behavior\ShowPageTraceBehavior [ RunTime:0.000917s ]
INFO: [ app_end ] --END-- [ RunTime:0.000970s ]

[ 2018-03-17T14:15:56+08:00 ] 127.0.0.1 /
INFO: [ app_init ] --START--
INFO: Run Behavior\BuildLiteBehavior [ RunTime:0.000017s ]
INFO: [ app_init ] --END-- [ RunTime:0.000675s ]
INFO: [ app_begin ] --START--
INFO: Run Behavior\ReadHtmlCacheBehavior [ RunTime:0.000864s ]
INFO: [ app_begin ] --END-- [ RunTime:0.000925s ]
NOTIC: [8] A session had already been started - ignoring session_start() E:\xampp\htdocs\youxin\ThinkPHP\Common\functions.php 第 1263 行.
SQL: SHOW COLUMNS FROM `classify` [ RunTime:0.0061s ]
SQL: SELECT * FROM `classify`  [ RunTime:0.0005s ]
SQL: SHOW COLUMNS FROM `car_type` [ RunTime:0.0050s ]
SQL: SELECT * FROM `car_type`  [ RunTime:0.0004s ]
SQL: SHOW COLUMNS FROM `car` [ RunTime:0.0048s ]
SQL: SELECT * FROM `car`  [ RunTime:0.0004s ]
INFO: [ view_parse ] --START--
INFO: [ template_filter ] --START--
INFO: Run Behavior\ContentReplaceBehavior [ RunTime:0.000083s ]
INFO: [ template_filter ] --END-- [ RunTime:0.000160s ]
NOTIC: [8] Undefined variable: v E:\xampp\htdocs\youxin\Application\Runtime\Cache\Home\2a94b8bda04ff446dcedd42276fc99ee.php 第 103 行.
NOTIC: [8] Undefined variable: v E:\xampp\htdocs\youxin\Application\Runtime\Cache\Home\2a94b8bda04ff446dcedd42276fc99ee.php 第 103 行.
NOTIC: [8] Undefined variable: v E:\xampp\htdocs\youxin\Application\Runtime\Cache\Home\2a94b8bda04ff446dcedd42276fc99ee.php 第 103 行.
NOTIC: [8] Undefined variable: v E:\xampp\htdocs\youxin\Application\Runtime\Cache\Home\2a94b8bda04ff446dcedd42276fc99ee.php 第 103 行.
NOTIC: [8] Undefined variable: v E:\xampp\htdocs\youxin\Application\Runtime\Cache\Home\2a94b8bda04ff446dcedd42276fc99ee.php 第 103 行.
INFO: Run Behavior\ParseTemplateBehavior [ RunTime:0.009485s ]
INFO: [ view_parse ] --END-- [ RunTime:0.009540s ]
INFO: [ view_filter ] --START--
INFO: Run Behavior\WriteHtmlCacheBehavior [ RunTime:0.000683s ]
INFO: [ view_filter ] --END-- [ RunTime:0.000730s ]
INFO: [ app_end ] --START--
INFO: Run Behavior\ShowPageTraceBehavior [ RunTime:0.001155s ]
INFO: [ app_end ] --END-- [ RunTime:0.001244s ]

[ 2018-03-17T14:17:39+08:00 ] 127.0.0.1 /
INFO: [ app_init ] --START--
INFO: Run Behavior\BuildLiteBehavior [ RunTime:0.000017s ]
INFO: [ app_init ] --END-- [ RunTime:0.000809s ]
INFO: [ app_begin ] --START--
INFO: Run Behavior\ReadHtmlCacheBehavior [ RunTime:0.001072s ]
INFO: [ app_begin ] --END-- [ RunTime:0.001137s ]
NOTIC: [8] A session had already been started - ignoring session_start() E:\xampp\htdocs\youxin\ThinkPHP\Common\functions.php 第 1263 行.
SQL: SHOW COLUMNS FROM `classify` [ RunTime:0.0053s ]
SQL: SELECT * FROM `classify`  [ RunTime:0.0005s ]
SQL: SHOW COLUMNS FROM `car_type` [ RunTime:0.0064s ]
SQL: SELECT * FROM `car_type`  [ RunTime:0.0004s ]
SQL: SHOW COLUMNS FROM `car` [ RunTime:0.0052s ]
SQL: SELECT * FROM `car`  [ RunTime:0.0005s ]
INFO: [ view_parse ] --START--
INFO: [ template_filter ] --START--
INFO: Run Behavior\ContentReplaceBehavior [ RunTime:0.000093s ]
INFO: [ template_filter ] --END-- [ RunTime:0.000198s ]
INFO: Run Behavior\ParseTemplateBehavior [ RunTime:0.010455s ]
INFO: [ view_parse ] --END-- [ RunTime:0.010547s ]
INFO: [ view_filter ] --START--
INFO: Run Behavior\WriteHtmlCacheBehavior [ RunTime:0.001056s ]
INFO: [ view_filter ] --END-- [ RunTime:0.001114s ]
INFO: [ app_end ] --START--
INFO: Run Behavior\ShowPageTraceBehavior [ RunTime:0.001175s ]
INFO: [ app_end ] --END-- [ RunTime:0.001240s ]

[ 2018-03-17T16:26:46+08:00 ] 127.0.0.1 /
INFO: [ app_init ] --START--
INFO: Run Behavior\BuildLiteBehavior [ RunTime:0.000017s ]
INFO: [ app_init ] --END-- [ RunTime:0.000800s ]
INFO: [ app_begin ] --START--
INFO: Run Behavior\ReadHtmlCacheBehavior [ RunTime:0.001103s ]
INFO: [ app_begin ] --END-- [ RunTime:0.001165s ]
NOTIC: [8] A session had already been started - ignoring session_start() E:\xampp\htdocs\youxin\ThinkPHP\Common\functions.php 第 1263 行.
SQL: SHOW COLUMNS FROM `classify` [ RunTime:0.0157s ]
SQL: SELECT * FROM `classify`  [ RunTime:0.0005s ]
SQL: SHOW COLUMNS FROM `car_type` [ RunTime:0.0054s ]
SQL: SELECT * FROM `car_type`  [ RunTime:0.0004s ]
SQL: SHOW COLUMNS FROM `car` [ RunTime:0.0068s ]
SQL: SELECT * FROM `car`  [ RunTime:0.0005s ]
INFO: [ view_parse ] --START--
INFO: [ template_filter ] --START--
INFO: Run Behavior\ContentReplaceBehavior [ RunTime:0.000090s ]
INFO: [ template_filter ] --END-- [ RunTime:0.000172s ]
INFO: Run Behavior\ParseTemplateBehavior [ RunTime:0.010579s ]
INFO: [ view_parse ] --END-- [ RunTime:0.010683s ]
INFO: [ view_filter ] --START--
INFO: Run Behavior\WriteHtmlCacheBehavior [ RunTime:0.001069s ]
INFO: [ view_filter ] --END-- [ RunTime:0.001151s ]
INFO: [ app_end ] --START--
INFO: Run Behavior\ShowPageTraceBehavior [ RunTime:0.001298s ]
INFO: [ app_end ] --END-- [ RunTime:0.001359s ]

[ 2018-03-17T16:47:34+08:00 ] 127.0.0.1 /
INFO: [ app_init ] --START--
INFO: Run Behavior\BuildLiteBehavior [ RunTime:0.000017s ]
INFO: [ app_init ] --END-- [ RunTime:0.000757s ]
INFO: [ app_begin ] --START--
INFO: Run Behavior\ReadHtmlCacheBehavior [ RunTime:0.001073s ]
INFO: [ app_begin ] --END-- [ RunTime:0.001135s ]
NOTIC: [8] A session had already been started - ignoring session_start() E:\xampp\htdocs\youxin\ThinkPHP\Common\functions.php 第 1263 行.
SQL: SHOW COLUMNS FROM `classify` [ RunTime:0.0050s ]
SQL: SELECT * FROM `classify`  [ RunTime:0.0005s ]
SQL: SHOW COLUMNS FROM `car_type` [ RunTime:0.0060s ]
SQL: SELECT * FROM `car_type`  [ RunTime:0.0005s ]
SQL: SHOW COLUMNS FROM `car` [ RunTime:0.0051s ]
SQL: SELECT * FROM `car`  [ RunTime:0.0005s ]
INFO: [ view_parse ] --START--
INFO: [ template_filter ] --START--
INFO: Run Behavior\ContentReplaceBehavior [ RunTime:0.000087s ]
INFO: [ template_filter ] --END-- [ RunTime:0.000169s ]
INFO: Run Behavior\ParseTemplateBehavior [ RunTime:0.010521s ]
INFO: [ view_parse ] --END-- [ RunTime:0.010599s ]
INFO: [ view_filter ] --START--
INFO: Run Behavior\WriteHtmlCacheBehavior [ RunTime:0.000853s ]
INFO: [ view_filter ] --END-- [ RunTime:0.000902s ]
INFO: [ app_end ] --START--
INFO: Run Behavior\ShowPageTraceBehavior [ RunTime:0.001046s ]
INFO: [ app_end ] --END-- [ RunTime:0.001095s ]

[ 2018-03-17T16:48:40+08:00 ] 127.0.0.1 /
INFO: [ app_init ] --START--
INFO: Run Behavior\BuildLiteBehavior [ RunTime:0.000016s ]
INFO: [ app_init ] --END-- [ RunTime:0.000609s ]
INFO: [ app_begin ] --START--
INFO: Run Behavior\ReadHtmlCacheBehavior [ RunTime:0.000989s ]
INFO: [ app_begin ] --END-- [ RunTime:0.001075s ]
NOTIC: [8] A session had already been started - ignoring session_start() E:\xampp\htdocs\youxin\ThinkPHP\Common\functions.php 第 1263 行.
SQL: SHOW COLUMNS FROM `classify` [ RunTime:0.0063s ]
SQL: SELECT * FROM `classify`  [ RunTime:0.0008s ]
SQL: SHOW COLUMNS FROM `car_type` [ RunTime:0.0054s ]
SQL: SELECT * FROM `car_type`  [ RunTime:0.0007s ]
SQL: SHOW COLUMNS FROM `car` [ RunTime:0.0064s ]
SQL: SELECT * FROM `car`  [ RunTime:0.0008s ]
INFO: [ view_parse ] --START--
INFO: [ template_filter ] --START--
INFO: Run Behavior\ContentReplaceBehavior [ RunTime:0.000086s ]
INFO: [ template_filter ] --END-- [ RunTime:0.000166s ]
INFO: Run Behavior\ParseTemplateBehavior [ RunTime:0.010109s ]
INFO: [ view_parse ] --END-- [ RunTime:0.010218s ]
INFO: [ view_filter ] --START--
INFO: Run Behavior\WriteHtmlCacheBehavior [ RunTime:0.000616s ]
INFO: [ view_filter ] --END-- [ RunTime:0.000664s ]
INFO: [ app_end ] --START--
INFO: Run Behavior\ShowPageTraceBehavior [ RunTime:0.000826s ]
INFO: [ app_end ] --END-- [ RunTime:0.000875s ]

[ 2018-03-17T17:03:13+08:00 ] 127.0.0.1 /
INFO: [ app_init ] --START--
INFO: Run Behavior\BuildLiteBehavior [ RunTime:0.000020s ]
INFO: [ app_init ] --END-- [ RunTime:0.000845s ]
INFO: [ app_begin ] --START--
INFO: Run Behavior\ReadHtmlCacheBehavior [ RunTime:0.001052s ]
INFO: [ app_begin ] --END-- [ RunTime:0.001119s ]
NOTIC: [8] A session had already been started - ignoring session_start() E:\xampp\htdocs\youxin\ThinkPHP\Common\functions.php 第 1263 行.
SQL: SHOW COLUMNS FROM `classify` [ RunTime:0.0062s ]
SQL: SELECT * FROM `classify`  [ RunTime:0.0005s ]
SQL: SHOW COLUMNS FROM `car_type` [ RunTime:0.0050s ]
SQL: SELECT * FROM `car_type`  [ RunTime:0.0004s ]
SQL: SHOW COLUMNS FROM `car` [ RunTime:0.0049s ]
SQL: SELECT * FROM `car`  [ RunTime:0.0006s ]
INFO: [ view_parse ] --START--
INFO: [ template_filter ] --START--
INFO: Run Behavior\ContentReplaceBehavior [ RunTime:0.000087s ]
INFO: [ template_filter ] --END-- [ RunTime:0.000162s ]
INFO: Run Behavior\ParseTemplateBehavior [ RunTime:0.011030s ]
INFO: [ view_parse ] --END-- [ RunTime:0.011112s ]
INFO: [ view_filter ] --START--
INFO: Run Behavior\WriteHtmlCacheBehavior [ RunTime:0.000807s ]
INFO: [ view_filter ] --END-- [ RunTime:0.000854s ]
INFO: [ app_end ] --START--
INFO: Run Behavior\ShowPageTraceBehavior [ RunTime:0.001082s ]
INFO: [ app_end ] --END-- [ RunTime:0.001158s ]

